<?xml version="1.0" encoding="UTF-8"?>
<testng-results skipped="0" failed="0" ignored="0" total="1" passed="1">
  <reporter-output>
  </reporter-output>
  <suite name="Surefire suite" duration-ms="28510" started-at="2020-04-08T01:02:46 COT" finished-at="2020-04-08T01:03:14 COT">
    <groups>
    </groups>
    <test name="Surefire test" duration-ms="28510" started-at="2020-04-08T01:02:46 COT" finished-at="2020-04-08T01:03:14 COT">
      <class name="steps.TestRunner">
        <test-method status="PASS" signature="NavigateToPlayoffMachine()" name="NavigateToPlayoffMachine" duration-ms="25387" started-at="2020-04-08T01:02:47 COT" finished-at="2020-04-08T01:03:12 COT">
          <reporter-output>
          </reporter-output>
        </test-method> <!-- NavigateToPlayoffMachine -->
      </class> <!-- steps.TestRunner -->
    </test> <!-- Surefire test -->
  </suite> <!-- Surefire suite -->
</testng-results>
