<?xml version="1.0" encoding="UTF-8"?>
<testng-results skipped="0" failed="0" ignored="0" total="0" passed="0">
  <reporter-output>
  </reporter-output>
  <suite name="Surefire suite" duration-ms="7" started-at="2020-04-08T01:02:45 COT" finished-at="2020-04-08T01:02:45 COT">
    <groups>
    </groups>
    <test name="Surefire test" duration-ms="7" started-at="2020-04-08T01:02:45 COT" finished-at="2020-04-08T01:02:45 COT">
    </test> <!-- Surefire test -->
  </suite> <!-- Surefire suite -->
</testng-results>
