<?xml version="1.0" encoding="UTF-8"?>
<testng-results skipped="0" failed="0" ignored="0" total="0" passed="0">
  <reporter-output>
  </reporter-output>
  <suite name="steps.TestRunner" duration-ms="5" started-at="2020-04-08T01:02:37 COT" finished-at="2020-04-08T01:02:37 COT">
    <groups>
    </groups>
    <test name="Command line test" duration-ms="5" started-at="2020-04-08T01:02:37 COT" finished-at="2020-04-08T01:02:37 COT">
    </test> <!-- Command line test -->
  </suite> <!-- steps.TestRunner -->
</testng-results>
